This file contains any messages produced by compilers while
running configure, to aid debugging if configure makes a mistake.

It was created by iproxy configure 1.0.0, which was
generated by GNU Autoconf 2.69.  Invocation command line was

  $ ./configure --no-create --no-recursion

## --------- ##
## Platform. ##
## --------- ##

hostname = lfslivecd
uname -m = x86_64
uname -r = 3.10.25
uname -s = Linux
uname -v = #1 SMP Tue Mar 29 11:23:29 GMT 2016

/usr/bin/uname -p = unknown
/bin/uname -X     = unknown

/bin/arch              = x86_64
/usr/bin/arch -k       = unknown
/usr/convex/getsysinfo = unknown
/usr/bin/hostinfo      = unknown
/bin/machine           = unknown
/usr/bin/oslevel       = unknown
/bin/universe          = unknown

PATH: /bin
PATH: /usr/bin
PATH: /sbin
PATH: /usr/sbin
PATH: /usr/local/curl/bin


## ----------- ##
## Core tests. ##
## ----------- ##

configure:2164: checking for a BSD-compatible install
configure:2232: result: /usr/bin/install -c
configure:2243: checking whether build environment is sane
configure:2298: result: yes
configure:2449: checking for a thread-safe mkdir -p
configure:2488: result: /bin/mkdir -p
configure:2495: checking for gawk
configure:2511: found /usr/bin/gawk
configure:2522: result: gawk
configure:2533: checking whether make sets $(MAKE)
configure:2555: result: yes
configure:2584: checking whether make supports nested variables
configure:2601: result: yes
configure:2755: checking build system type
configure:2769: result: x86_64-unknown-linux-gnu
configure:2789: checking host system type
configure:2802: result: x86_64-unknown-linux-gnu
configure:2843: checking how to print strings
configure:2870: result: printf
configure:2903: checking for style of include used by make
configure:2931: result: GNU
configure:3002: checking for gcc
configure:3018: found /usr/bin/gcc
configure:3029: result: gcc
configure:3258: checking for C compiler version
configure:3267: gcc --version >&5
gcc (GCC) 4.1.2
Copyright (C) 2006 Free Software Foundation, Inc.
This is free software; see the source for copying conditions.  There is NO
warranty; not even for MERCHANTABILITY or FITNESS FOR A PARTICULAR PURPOSE.

configure:3278: $? = 0
configure:3267: gcc -v >&5
Using built-in specs.
Target: x86_64-unknown-linux-gnu
Configured with: ../gcc-4.1.2/configure --prefix=/usr --libexecdir=/usr/lib --enable-shared --enable-threads=posix --enable-__cxa_atexit --enable-clocale=gnu --enable-languages=c,c++ --enable-static --disable-multilib
Thread model: posix
gcc version 4.1.2
configure:3278: $? = 0
configure:3267: gcc -V >&5
gcc: '-V' option must have argument
configure:3278: $? = 1
configure:3267: gcc -qversion >&5
gcc: unrecognized option '-qversion'
gcc: no input files
configure:3278: $? = 1
configure:3298: checking whether the C compiler works
configure:3320: gcc    conftest.c  >&5
configure:3324: $? = 0
configure:3372: result: yes
configure:3375: checking for C compiler default output file name
configure:3377: result: a.out
configure:3383: checking for suffix of executables
configure:3390: gcc -o conftest    conftest.c  >&5
configure:3394: $? = 0
configure:3416: result: 
configure:3438: checking whether we are cross compiling
configure:3446: gcc -o conftest    conftest.c  >&5
configure:3450: $? = 0
configure:3457: ./conftest
configure:3461: $? = 0
configure:3476: result: no
configure:3481: checking for suffix of object files
configure:3503: gcc -c   conftest.c >&5
configure:3507: $? = 0
configure:3528: result: o
configure:3532: checking whether we are using the GNU C compiler
configure:3551: gcc -c   conftest.c >&5
configure:3551: $? = 0
configure:3560: result: yes
configure:3569: checking whether gcc accepts -g
configure:3589: gcc -c -g  conftest.c >&5
configure:3589: $? = 0
configure:3630: result: yes
configure:3647: checking for gcc option to accept ISO C89
configure:3710: gcc  -c -g -O2  conftest.c >&5
configure:3710: $? = 0
configure:3723: result: none needed
configure:3748: checking whether gcc understands -c and -o together
configure:3770: gcc -c conftest.c -o conftest2.o
configure:3773: $? = 0
configure:3770: gcc -c conftest.c -o conftest2.o
configure:3773: $? = 0
configure:3785: result: yes
configure:3804: checking dependency style of gcc
configure:3915: result: gcc3
configure:3930: checking for a sed that does not truncate output
configure:3994: result: /bin/sed
configure:4012: checking for grep that handles long lines and -e
configure:4070: result: /bin/grep
configure:4075: checking for egrep
configure:4137: result: /bin/grep -E
configure:4142: checking for fgrep
configure:4204: result: /bin/grep -F
configure:4239: checking for ld used by gcc
configure:4306: result: /usr/bin/ld
configure:4313: checking if the linker (/usr/bin/ld) is GNU ld
configure:4328: result: yes
configure:4340: checking for BSD- or MS-compatible name lister (nm)
configure:4394: result: /usr/bin/nm -B
configure:4524: checking the name lister (/usr/bin/nm -B) interface
configure:4531: gcc -c -g -O2  conftest.c >&5
configure:4534: /usr/bin/nm -B "conftest.o"
configure:4537: output
0000000000000000 B some_variable
configure:4544: result: BSD nm
configure:4547: checking whether ln -s works
configure:4551: result: yes
configure:4559: checking the maximum length of command line arguments
configure:4690: result: 98304
configure:4738: checking how to convert x86_64-unknown-linux-gnu file names to x86_64-unknown-linux-gnu format
configure:4778: result: func_convert_file_noop
configure:4785: checking how to convert x86_64-unknown-linux-gnu file names to toolchain format
configure:4805: result: func_convert_file_noop
configure:4812: checking for /usr/bin/ld option to reload object files
configure:4819: result: -r
configure:4893: checking for objdump
configure:4909: found /usr/bin/objdump
configure:4920: result: objdump
configure:4952: checking how to recognize dependent libraries
configure:5152: result: pass_all
configure:5237: checking for dlltool
configure:5267: result: no
configure:5297: checking how to associate runtime and link libraries
configure:5324: result: printf %s\n
configure:5385: checking for ar
configure:5401: found /usr/bin/ar
configure:5412: result: ar
configure:5449: checking for archiver @FILE support
configure:5466: gcc -c -g -O2  conftest.c >&5
configure:5466: $? = 0
configure:5469: ar cru libconftest.a @conftest.lst >&5
configure:5472: $? = 0
configure:5477: ar cru libconftest.a @conftest.lst >&5
ar: conftest.o: No such file or directory
configure:5480: $? = 1
configure:5492: result: @
configure:5550: checking for strip
configure:5566: found /usr/bin/strip
configure:5577: result: strip
configure:5649: checking for ranlib
configure:5665: found /usr/bin/ranlib
configure:5676: result: ranlib
configure:5778: checking command to parse /usr/bin/nm -B output from gcc object
configure:5931: gcc -c -g -O2  conftest.c >&5
configure:5934: $? = 0
configure:5938: /usr/bin/nm -B conftest.o \| sed -n -e 's/^.*[ ]\([ABCDGIRSTW][ABCDGIRSTW]*\)[ ][ ]*\([_A-Za-z][_A-Za-z0-9]*\)$/\1 \2 \2/p' | sed '/ __gnu_lto/d' \> conftest.nm
configure:5941: $? = 0
configure:6007: gcc -o conftest -g -O2   conftest.c conftstm.o >&5
configure:6010: $? = 0
configure:6048: result: ok
configure:6095: checking for sysroot
configure:6125: result: no
configure:6132: checking for a working dd
configure:6170: result: /bin/dd
configure:6174: checking how to truncate binary pipes
configure:6189: result: /bin/dd bs=4096 count=1
configure:6325: gcc -c -g -O2  conftest.c >&5
configure:6328: $? = 0
configure:6518: checking for mt
configure:6534: found /bin/mt
configure:6545: result: mt
configure:6568: checking if mt is a manifest tool
configure:6574: mt '-?'
mt: invalid option -- ?
configure:6582: result: no
configure:7259: checking how to run the C preprocessor
configure:7290: gcc -E  conftest.c
configure:7290: $? = 0
configure:7304: gcc -E  conftest.c
conftest.c:11:28: error: ac_nonexistent.h: No such file or directory
configure:7304: $? = 1
configure: failed program was:
| /* confdefs.h */
| #define PACKAGE_NAME "iproxy"
| #define PACKAGE_TARNAME "iproxy"
| #define PACKAGE_VERSION "1.0.0"
| #define PACKAGE_STRING "iproxy 1.0.0"
| #define PACKAGE_BUGREPORT ""
| #define PACKAGE_URL ""
| #define PACKAGE "iproxy"
| #define VERSION "1.0.0"
| /* end confdefs.h.  */
| #include <ac_nonexistent.h>
configure:7329: result: gcc -E
configure:7349: gcc -E  conftest.c
configure:7349: $? = 0
configure:7363: gcc -E  conftest.c
conftest.c:11:28: error: ac_nonexistent.h: No such file or directory
configure:7363: $? = 1
configure: failed program was:
| /* confdefs.h */
| #define PACKAGE_NAME "iproxy"
| #define PACKAGE_TARNAME "iproxy"
| #define PACKAGE_VERSION "1.0.0"
| #define PACKAGE_STRING "iproxy 1.0.0"
| #define PACKAGE_BUGREPORT ""
| #define PACKAGE_URL ""
| #define PACKAGE "iproxy"
| #define VERSION "1.0.0"
| /* end confdefs.h.  */
| #include <ac_nonexistent.h>
configure:7392: checking for ANSI C header files
configure:7412: gcc -c -g -O2  conftest.c >&5
configure:7412: $? = 0
configure:7485: gcc -o conftest -g -O2   conftest.c  >&5
configure:7485: $? = 0
configure:7485: ./conftest
configure:7485: $? = 0
configure:7496: result: yes
configure:7509: checking for sys/types.h
configure:7509: gcc -c -g -O2  conftest.c >&5
configure:7509: $? = 0
configure:7509: result: yes
configure:7509: checking for sys/stat.h
configure:7509: gcc -c -g -O2  conftest.c >&5
configure:7509: $? = 0
configure:7509: result: yes
configure:7509: checking for stdlib.h
configure:7509: gcc -c -g -O2  conftest.c >&5
configure:7509: $? = 0
configure:7509: result: yes
configure:7509: checking for string.h
configure:7509: gcc -c -g -O2  conftest.c >&5
configure:7509: $? = 0
configure:7509: result: yes
configure:7509: checking for memory.h
configure:7509: gcc -c -g -O2  conftest.c >&5
configure:7509: $? = 0
configure:7509: result: yes
configure:7509: checking for strings.h
configure:7509: gcc -c -g -O2  conftest.c >&5
configure:7509: $? = 0
configure:7509: result: yes
configure:7509: checking for inttypes.h
configure:7509: gcc -c -g -O2  conftest.c >&5
configure:7509: $? = 0
configure:7509: result: yes
configure:7509: checking for stdint.h
configure:7509: gcc -c -g -O2  conftest.c >&5
configure:7509: $? = 0
configure:7509: result: yes
configure:7509: checking for unistd.h
configure:7509: gcc -c -g -O2  conftest.c >&5
configure:7509: $? = 0
configure:7509: result: yes
configure:7523: checking for dlfcn.h
configure:7523: gcc -c -g -O2  conftest.c >&5
configure:7523: $? = 0
configure:7523: result: yes
configure:7779: checking for objdir
configure:7794: result: .libs
configure:8058: checking if gcc supports -fno-rtti -fno-exceptions
configure:8076: gcc -c -g -O2  -fno-rtti -fno-exceptions conftest.c >&5
cc1: warning: command line option "-fno-rtti" is valid for C++/ObjC++ but not for C
configure:8080: $? = 0
configure:8093: result: no
configure:8451: checking for gcc option to produce PIC
configure:8458: result: -fPIC -DPIC
configure:8466: checking if gcc PIC flag -fPIC -DPIC works
configure:8484: gcc -c -g -O2  -fPIC -DPIC -DPIC conftest.c >&5
configure:8488: $? = 0
configure:8501: result: yes
configure:8530: checking if gcc static flag -static works
configure:8558: result: yes
configure:8573: checking if gcc supports -c -o file.o
configure:8594: gcc -c -g -O2  -o out/conftest2.o conftest.c >&5
configure:8598: $? = 0
configure:8620: result: yes
configure:8628: checking if gcc supports -c -o file.o
configure:8675: result: yes
configure:8708: checking whether the gcc linker (/usr/bin/ld -m elf_x86_64) supports shared libraries
configure:9967: result: yes
configure:10004: checking whether -lc should be explicitly linked in
configure:10012: gcc -c -g -O2  conftest.c >&5
configure:10015: $? = 0
configure:10030: gcc -shared  -fPIC -DPIC conftest.o  -v -Wl,-soname -Wl,conftest -o conftest 2\>\&1 \| /bin/grep  -lc  \>/dev/null 2\>\&1
configure:10033: $? = 0
configure:10047: result: no
configure:10207: checking dynamic linker characteristics
configure:10788: gcc -o conftest -g -O2   -Wl,-rpath -Wl,/foo conftest.c  >&5
configure:10788: $? = 0
configure:11025: result: GNU/Linux ld.so
configure:11147: checking how to hardcode library paths into programs
configure:11172: result: immediate
configure:11720: checking whether stripping libraries is possible
configure:11725: result: yes
configure:11760: checking if libtool supports shared libraries
configure:11762: result: yes
configure:11765: checking whether to build shared libraries
configure:11790: result: yes
configure:11793: checking whether to build static libraries
configure:11797: result: yes
configure:11884: checking for gcc
configure:11911: result: gcc
configure:12140: checking for C compiler version
configure:12149: gcc --version >&5
gcc (GCC) 4.1.2
Copyright (C) 2006 Free Software Foundation, Inc.
This is free software; see the source for copying conditions.  There is NO
warranty; not even for MERCHANTABILITY or FITNESS FOR A PARTICULAR PURPOSE.

configure:12160: $? = 0
configure:12149: gcc -v >&5
Using built-in specs.
Target: x86_64-unknown-linux-gnu
Configured with: ../gcc-4.1.2/configure --prefix=/usr --libexecdir=/usr/lib --enable-shared --enable-threads=posix --enable-__cxa_atexit --enable-clocale=gnu --enable-languages=c,c++ --enable-static --disable-multilib
Thread model: posix
gcc version 4.1.2
configure:12160: $? = 0
configure:12149: gcc -V >&5
gcc: '-V' option must have argument
configure:12160: $? = 1
configure:12149: gcc -qversion >&5
gcc: unrecognized option '-qversion'
gcc: no input files
configure:12160: $? = 1
configure:12164: checking whether we are using the GNU C compiler
configure:12192: result: yes
configure:12201: checking whether gcc accepts -g
configure:12262: result: yes
configure:12279: checking for gcc option to accept ISO C89
configure:12355: result: none needed
configure:12380: checking whether gcc understands -c and -o together
configure:12417: result: yes
configure:12436: checking dependency style of gcc
configure:12547: result: gcc3
configure:12575: checking for an ANSI C-conforming const
configure:12641: gcc -c -g -O2  conftest.c >&5
configure:12641: $? = 0
configure:12648: result: yes
configure:12767: checking that generated files are newer than configure
configure:12773: result: done
configure:12800: creating ./config.status

## ---------------- ##
## Cache variables. ##
## ---------------- ##

ac_cv_build=x86_64-unknown-linux-gnu
ac_cv_c_compiler_gnu=yes
ac_cv_c_const=yes
ac_cv_env_CC_set=
ac_cv_env_CC_value=
ac_cv_env_CFLAGS_set=
ac_cv_env_CFLAGS_value=
ac_cv_env_CPPFLAGS_set=
ac_cv_env_CPPFLAGS_value=
ac_cv_env_CPP_set=
ac_cv_env_CPP_value=
ac_cv_env_LDFLAGS_set=
ac_cv_env_LDFLAGS_value=
ac_cv_env_LIBS_set=
ac_cv_env_LIBS_value=
ac_cv_env_LT_SYS_LIBRARY_PATH_set=
ac_cv_env_LT_SYS_LIBRARY_PATH_value=
ac_cv_env_build_alias_set=
ac_cv_env_build_alias_value=
ac_cv_env_host_alias_set=
ac_cv_env_host_alias_value=
ac_cv_env_target_alias_set=
ac_cv_env_target_alias_value=
ac_cv_header_dlfcn_h=yes
ac_cv_header_inttypes_h=yes
ac_cv_header_memory_h=yes
ac_cv_header_stdc=yes
ac_cv_header_stdint_h=yes
ac_cv_header_stdlib_h=yes
ac_cv_header_string_h=yes
ac_cv_header_strings_h=yes
ac_cv_header_sys_stat_h=yes
ac_cv_header_sys_types_h=yes
ac_cv_header_unistd_h=yes
ac_cv_host=x86_64-unknown-linux-gnu
ac_cv_objext=o
ac_cv_path_EGREP='/bin/grep -E'
ac_cv_path_FGREP='/bin/grep -F'
ac_cv_path_GREP=/bin/grep
ac_cv_path_SED=/bin/sed
ac_cv_path_install='/usr/bin/install -c'
ac_cv_path_lt_DD=/bin/dd
ac_cv_path_mkdir=/bin/mkdir
ac_cv_prog_AWK=gawk
ac_cv_prog_CPP='gcc -E'
ac_cv_prog_ac_ct_AR=ar
ac_cv_prog_ac_ct_CC=gcc
ac_cv_prog_ac_ct_MANIFEST_TOOL=mt
ac_cv_prog_ac_ct_OBJDUMP=objdump
ac_cv_prog_ac_ct_RANLIB=ranlib
ac_cv_prog_ac_ct_STRIP=strip
ac_cv_prog_cc_c89=
ac_cv_prog_cc_g=yes
ac_cv_prog_make_make_set=yes
am_cv_CC_dependencies_compiler_type=gcc3
am_cv_make_support_nested_variables=yes
am_cv_prog_cc_c_o=yes
lt_cv_ar_at_file=@
lt_cv_archive_cmds_need_lc=no
lt_cv_deplibs_check_method=pass_all
lt_cv_file_magic_cmd='$MAGIC_CMD'
lt_cv_file_magic_test_file=
lt_cv_ld_reload_flag=-r
lt_cv_nm_interface='BSD nm'
lt_cv_objdir=.libs
lt_cv_path_LD=/usr/bin/ld
lt_cv_path_NM='/usr/bin/nm -B'
lt_cv_path_mainfest_tool=no
lt_cv_prog_compiler_c_o=yes
lt_cv_prog_compiler_pic='-fPIC -DPIC'
lt_cv_prog_compiler_pic_works=yes
lt_cv_prog_compiler_rtti_exceptions=no
lt_cv_prog_compiler_static_works=yes
lt_cv_prog_gnu_ld=yes
lt_cv_sharedlib_from_linklib_cmd='printf %s\n'
lt_cv_shlibpath_overrides_runpath=no
lt_cv_sys_global_symbol_pipe='sed -n -e '\''s/^.*[	 ]\([ABCDGIRSTW][ABCDGIRSTW]*\)[	 ][	 ]*\([_A-Za-z][_A-Za-z0-9]*\)$/\1 \2 \2/p'\'' | sed '\''/ __gnu_lto/d'\'''
lt_cv_sys_global_symbol_to_c_name_address='sed -n -e '\''s/^: \(.*\) .*$/  {"\1", (void *) 0},/p'\'' -e '\''s/^[ABCDGIRSTW][ABCDGIRSTW]* .* \(.*\)$/  {"\1", (void *) \&\1},/p'\'''
lt_cv_sys_global_symbol_to_c_name_address_lib_prefix='sed -n -e '\''s/^: \(.*\) .*$/  {"\1", (void *) 0},/p'\'' -e '\''s/^[ABCDGIRSTW][ABCDGIRSTW]* .* \(lib.*\)$/  {"\1", (void *) \&\1},/p'\'' -e '\''s/^[ABCDGIRSTW][ABCDGIRSTW]* .* \(.*\)$/  {"lib\1", (void *) \&\1},/p'\'''
lt_cv_sys_global_symbol_to_cdecl='sed -n -e '\''s/^T .* \(.*\)$/extern int \1();/p'\'' -e '\''s/^[ABCDGIRSTW][ABCDGIRSTW]* .* \(.*\)$/extern char \1;/p'\'''
lt_cv_sys_global_symbol_to_import=
lt_cv_sys_max_cmd_len=98304
lt_cv_to_host_file_cmd=func_convert_file_noop
lt_cv_to_tool_file_cmd=func_convert_file_noop
lt_cv_truncate_bin='/bin/dd bs=4096 count=1'

## ----------------- ##
## Output variables. ##
## ----------------- ##

ACLOCAL='${SHELL} /revive/git/c_sock_basic_tools/select/missing aclocal-1.14'
AMDEPBACKSLASH='\'
AMDEP_FALSE='#'
AMDEP_TRUE=''
AMTAR='$${TAR-tar}'
AM_BACKSLASH='\'
AM_DEFAULT_V='$(AM_DEFAULT_VERBOSITY)'
AM_DEFAULT_VERBOSITY='1'
AM_V='$(V)'
AR='ar'
AUTOCONF='${SHELL} /revive/git/c_sock_basic_tools/select/missing autoconf'
AUTOHEADER='${SHELL} /revive/git/c_sock_basic_tools/select/missing autoheader'
AUTOMAKE='${SHELL} /revive/git/c_sock_basic_tools/select/missing automake-1.14'
AWK='gawk'
CC='gcc'
CCDEPMODE='depmode=gcc3'
CFLAGS='-g -O2'
CPP='gcc -E'
CPPFLAGS=''
CYGPATH_W='echo'
DEFS='-DHAVE_CONFIG_H'
DEPDIR='.deps'
DLLTOOL='false'
DSYMUTIL=''
DUMPBIN=''
ECHO_C=''
ECHO_N='-n'
ECHO_T=''
EGREP='/bin/grep -E'
EXEEXT=''
FGREP='/bin/grep -F'
GREP='/bin/grep'
INSTALL_DATA='${INSTALL} -m 644'
INSTALL_PROGRAM='${INSTALL}'
INSTALL_SCRIPT='${INSTALL}'
INSTALL_STRIP_PROGRAM='$(install_sh) -c -s'
LD='/usr/bin/ld -m elf_x86_64'
LDFLAGS=''
LIBOBJS=''
LIBS=''
LIBTOOL='$(SHELL) $(top_builddir)/libtool'
LIPO=''
LN_S='ln -s'
LTLIBOBJS=''
LT_SYS_LIBRARY_PATH=''
MAKEINFO='${SHELL} /revive/git/c_sock_basic_tools/select/missing makeinfo'
MANIFEST_TOOL=':'
MKDIR_P='/bin/mkdir -p'
NM='/usr/bin/nm -B'
NMEDIT=''
OBJDUMP='objdump'
OBJEXT='o'
OTOOL64=''
OTOOL=''
PACKAGE='iproxy'
PACKAGE_BUGREPORT=''
PACKAGE_NAME='iproxy'
PACKAGE_STRING='iproxy 1.0.0'
PACKAGE_TARNAME='iproxy'
PACKAGE_URL=''
PACKAGE_VERSION='1.0.0'
PATH_SEPARATOR=':'
RANLIB='ranlib'
SED='/bin/sed'
SET_MAKE=''
SHELL='/bin/sh'
STRIP='strip'
VERSION='1.0.0'
ac_ct_AR='ar'
ac_ct_CC='gcc'
ac_ct_DUMPBIN=''
am__EXEEXT_FALSE=''
am__EXEEXT_TRUE='#'
am__fastdepCC_FALSE='#'
am__fastdepCC_TRUE=''
am__include='include'
am__isrc=''
am__leading_dot='.'
am__nodep='_no'
am__quote=''
am__tar='$${TAR-tar} chof - "$$tardir"'
am__untar='$${TAR-tar} xf -'
bindir='${exec_prefix}/bin'
build='x86_64-unknown-linux-gnu'
build_alias=''
build_cpu='x86_64'
build_os='linux-gnu'
build_vendor='unknown'
datadir='${datarootdir}'
datarootdir='${prefix}/share'
docdir='${datarootdir}/doc/${PACKAGE_TARNAME}'
dvidir='${docdir}'
exec_prefix='${prefix}'
host='x86_64-unknown-linux-gnu'
host_alias=''
host_cpu='x86_64'
host_os='linux-gnu'
host_vendor='unknown'
htmldir='${docdir}'
includedir='${prefix}/include'
infodir='${datarootdir}/info'
install_sh='${SHELL} /revive/git/c_sock_basic_tools/select/install-sh'
libdir='${exec_prefix}/lib'
libexecdir='${exec_prefix}/libexec'
localedir='${datarootdir}/locale'
localstatedir='${prefix}/var'
mandir='${datarootdir}/man'
mkdir_p='$(MKDIR_P)'
oldincludedir='/usr/include'
pdfdir='${docdir}'
prefix='/usr/local'
program_transform_name='s,x,x,'
psdir='${docdir}'
sbindir='${exec_prefix}/sbin'
sharedstatedir='${prefix}/com'
sysconfdir='${prefix}/etc'
target_alias=''

## ----------- ##
## confdefs.h. ##
## ----------- ##

/* confdefs.h */
#define PACKAGE_NAME "iproxy"
#define PACKAGE_TARNAME "iproxy"
#define PACKAGE_VERSION "1.0.0"
#define PACKAGE_STRING "iproxy 1.0.0"
#define PACKAGE_BUGREPORT ""
#define PACKAGE_URL ""
#define PACKAGE "iproxy"
#define VERSION "1.0.0"
#define STDC_HEADERS 1
#define HAVE_SYS_TYPES_H 1
#define HAVE_SYS_STAT_H 1
#define HAVE_STDLIB_H 1
#define HAVE_STRING_H 1
#define HAVE_MEMORY_H 1
#define HAVE_STRINGS_H 1
#define HAVE_INTTYPES_H 1
#define HAVE_STDINT_H 1
#define HAVE_UNISTD_H 1
#define HAVE_DLFCN_H 1
#define LT_OBJDIR ".libs/"

configure: exit 0

## ---------------------- ##
## Running config.status. ##
## ---------------------- ##

This file was extended by iproxy config.status 1.0.0, which was
generated by GNU Autoconf 2.69.  Invocation command line was

  CONFIG_FILES    = 
  CONFIG_HEADERS  = 
  CONFIG_LINKS    = 
  CONFIG_COMMANDS = 
  $ ./config.status 

on lfslivecd

config.status:1087: creating Makefile
config.status:1087: creating src/Makefile
config.status:1087: creating oob/Makefile
config.status:1087: creating lib/Makefile
config.status:1087: creating dynamic_lib/Makefile
config.status:1087: creating config.h
config.status:1268: config.h is unchanged
config.status:1316: executing depfiles commands
config.status:1316: executing libtool commands

## ---------------------- ##
## Running config.status. ##
## ---------------------- ##

This file was extended by iproxy config.status 1.0.0, which was
generated by GNU Autoconf 2.69.  Invocation command line was

  CONFIG_FILES    = 
  CONFIG_HEADERS  = 
  CONFIG_LINKS    = 
  CONFIG_COMMANDS = 
  $ ./config.status config.h

on lfslivecd

config.status:1087: creating config.h
config.status:1268: config.h is unchanged

## ---------------------- ##
## Running config.status. ##
## ---------------------- ##

This file was extended by iproxy config.status 1.0.0, which was
generated by GNU Autoconf 2.69.  Invocation command line was

  CONFIG_FILES    = 
  CONFIG_HEADERS  = 
  CONFIG_LINKS    = 
  CONFIG_COMMANDS = 
  $ ./config.status Makefile depfiles

on lfslivecd

config.status:1087: creating Makefile
config.status:1316: executing depfiles commands

## ---------------------- ##
## Running config.status. ##
## ---------------------- ##

This file was extended by iproxy config.status 1.0.0, which was
generated by GNU Autoconf 2.69.  Invocation command line was

  CONFIG_FILES    = 
  CONFIG_HEADERS  = 
  CONFIG_LINKS    = 
  CONFIG_COMMANDS = 
  $ ./config.status Makefile depfiles

on lfslivecd

config.status:1087: creating Makefile
config.status:1316: executing depfiles commands

## ---------------------- ##
## Running config.status. ##
## ---------------------- ##

This file was extended by iproxy config.status 1.0.0, which was
generated by GNU Autoconf 2.69.  Invocation command line was

  CONFIG_FILES    = 
  CONFIG_HEADERS  = 
  CONFIG_LINKS    = 
  CONFIG_COMMANDS = 
  $ ./config.status lib/Makefile depfiles

on lfslivecd

config.status:1087: creating lib/Makefile
config.status:1316: executing depfiles commands

## ---------------------- ##
## Running config.status. ##
## ---------------------- ##

This file was extended by iproxy config.status 1.0.0, which was
generated by GNU Autoconf 2.69.  Invocation command line was

  CONFIG_FILES    = 
  CONFIG_HEADERS  = 
  CONFIG_LINKS    = 
  CONFIG_COMMANDS = 
  $ ./config.status dynamic_lib/Makefile depfiles

on lfslivecd

config.status:1087: creating dynamic_lib/Makefile
config.status:1316: executing depfiles commands

## ---------------------- ##
## Running config.status. ##
## ---------------------- ##

This file was extended by iproxy config.status 1.0.0, which was
generated by GNU Autoconf 2.69.  Invocation command line was

  CONFIG_FILES    = 
  CONFIG_HEADERS  = 
  CONFIG_LINKS    = 
  CONFIG_COMMANDS = 
  $ ./config.status src/Makefile depfiles

on lfslivecd

config.status:1087: creating src/Makefile
config.status:1316: executing depfiles commands

## ---------------------- ##
## Running config.status. ##
## ---------------------- ##

This file was extended by iproxy config.status 1.0.0, which was
generated by GNU Autoconf 2.69.  Invocation command line was

  CONFIG_FILES    = 
  CONFIG_HEADERS  = 
  CONFIG_LINKS    = 
  CONFIG_COMMANDS = 
  $ ./config.status oob/Makefile depfiles

on lfslivecd

config.status:1087: creating oob/Makefile
config.status:1316: executing depfiles commands

## ---------------------- ##
## Running config.status. ##
## ---------------------- ##

This file was extended by iproxy config.status 1.0.0, which was
generated by GNU Autoconf 2.69.  Invocation command line was

  CONFIG_FILES    = 
  CONFIG_HEADERS  = 
  CONFIG_LINKS    = 
  CONFIG_COMMANDS = 
  $ ./config.status src/Makefile depfiles

on lfslivecd

config.status:1087: creating src/Makefile
config.status:1316: executing depfiles commands

## ---------------------- ##
## Running config.status. ##
## ---------------------- ##

This file was extended by iproxy config.status 1.0.0, which was
generated by GNU Autoconf 2.69.  Invocation command line was

  CONFIG_FILES    = 
  CONFIG_HEADERS  = 
  CONFIG_LINKS    = 
  CONFIG_COMMANDS = 
  $ ./config.status src/Makefile depfiles

on lfslivecd

config.status:1087: creating src/Makefile
config.status:1316: executing depfiles commands

## ---------------------- ##
## Running config.status. ##
## ---------------------- ##

This file was extended by iproxy config.status 1.0.0, which was
generated by GNU Autoconf 2.69.  Invocation command line was

  CONFIG_FILES    = 
  CONFIG_HEADERS  = 
  CONFIG_LINKS    = 
  CONFIG_COMMANDS = 
  $ ./config.status src/Makefile depfiles

on lfslivecd

config.status:1087: creating src/Makefile
config.status:1316: executing depfiles commands

## ---------------------- ##
## Running config.status. ##
## ---------------------- ##

This file was extended by iproxy config.status 1.0.0, which was
generated by GNU Autoconf 2.69.  Invocation command line was

  CONFIG_FILES    = 
  CONFIG_HEADERS  = 
  CONFIG_LINKS    = 
  CONFIG_COMMANDS = 
  $ ./config.status src/Makefile depfiles

on lfslivecd

config.status:1087: creating src/Makefile
config.status:1316: executing depfiles commands

## ---------------------- ##
## Running config.status. ##
## ---------------------- ##

This file was extended by iproxy config.status 1.0.0, which was
generated by GNU Autoconf 2.69.  Invocation command line was

  CONFIG_FILES    = 
  CONFIG_HEADERS  = 
  CONFIG_LINKS    = 
  CONFIG_COMMANDS = 
  $ ./config.status src/Makefile depfiles

on lfslivecd

config.status:1087: creating src/Makefile
config.status:1316: executing depfiles commands
