This file contains any messages produced by compilers while
running configure, to aid debugging if configure makes a mistake.

It was created by configure, which was
generated by GNU Autoconf 2.61.  Invocation command line was

  $ ./configure --no-create --no-recursion

## --------- ##
## Platform. ##
## --------- ##

hostname = lfslivecd
uname -m = x86_64
uname -r = 3.18.21
uname -s = Linux
uname -v = #1 SMP Mon May 9 15:55:54 GMT 2016

/usr/bin/uname -p = unknown
/bin/uname -X     = unknown

/bin/arch              = x86_64
/usr/bin/arch -k       = unknown
/usr/convex/getsysinfo = unknown
/usr/bin/hostinfo      = unknown
/bin/machine           = unknown
/usr/bin/oslevel       = unknown
/bin/universe          = unknown

PATH: /bin
PATH: /usr/bin
PATH: /sbin
PATH: /usr/sbin


## ----------- ##
## Core tests. ##
## ----------- ##

configure:1722: checking for a BSD-compatible install
configure:1778: result: /usr/bin/install -c
configure:1789: checking whether build environment is sane
configure:1832: result: yes
configure:1860: checking for a thread-safe mkdir -p
configure:1899: result: /bin/mkdir -p
configure:1912: checking for gawk
configure:1928: found /usr/bin/gawk
configure:1939: result: gawk
configure:1950: checking whether make sets $(MAKE)
configure:1971: result: yes
configure:2209: checking for gcc
configure:2225: found /usr/bin/gcc
configure:2236: result: gcc
configure:2474: checking for C compiler version
configure:2481: gcc --version >&5
gcc (GCC) 4.1.2
Copyright (C) 2006 Free Software Foundation, Inc.
This is free software; see the source for copying conditions.  There is NO
warranty; not even for MERCHANTABILITY or FITNESS FOR A PARTICULAR PURPOSE.

configure:2484: $? = 0
configure:2491: gcc -v >&5
Using built-in specs.
Target: x86_64-unknown-linux-gnu
Configured with: ../gcc-4.1.2/configure --prefix=/usr --libexecdir=/usr/lib --enable-shared --enable-threads=posix --enable-__cxa_atexit --enable-clocale=gnu --enable-languages=c,c++ --enable-static --disable-multilib
Thread model: posix
gcc version 4.1.2
configure:2494: $? = 0
configure:2501: gcc -V >&5
gcc: '-V' option must have argument
configure:2504: $? = 1
configure:2527: checking for C compiler default output file name
configure:2554: gcc    conftest.c  >&5
configure:2557: $? = 0
configure:2595: result: a.out
configure:2612: checking whether the C compiler works
configure:2622: ./a.out
configure:2625: $? = 0
configure:2642: result: yes
configure:2649: checking whether we are cross compiling
configure:2651: result: no
configure:2654: checking for suffix of executables
configure:2661: gcc -o conftest    conftest.c  >&5
configure:2664: $? = 0
configure:2688: result: 
configure:2694: checking for suffix of object files
configure:2720: gcc -c   conftest.c >&5
configure:2723: $? = 0
configure:2746: result: o
configure:2750: checking whether we are using the GNU C compiler
configure:2779: gcc -c   conftest.c >&5
configure:2785: $? = 0
configure:2802: result: yes
configure:2807: checking whether gcc accepts -g
configure:2837: gcc -c -g  conftest.c >&5
configure:2843: $? = 0
configure:2942: result: yes
configure:2959: checking for gcc option to accept ISO C89
configure:3033: gcc  -c -g -O2  conftest.c >&5
configure:3039: $? = 0
configure:3062: result: none needed
configure:3091: checking for style of include used by make
configure:3119: result: GNU
configure:3144: checking dependency style of gcc
configure:3235: result: gcc3
configure:3295: checking for ranlib
configure:3311: found /usr/bin/ranlib
configure:3322: result: ranlib
configure:3496: creating ./config.status

## ---------------- ##
## Cache variables. ##
## ---------------- ##

ac_cv_c_compiler_gnu=yes
ac_cv_env_CC_set=
ac_cv_env_CC_value=
ac_cv_env_CFLAGS_set=
ac_cv_env_CFLAGS_value=
ac_cv_env_CPPFLAGS_set=
ac_cv_env_CPPFLAGS_value=
ac_cv_env_LDFLAGS_set=
ac_cv_env_LDFLAGS_value=
ac_cv_env_LIBS_set=
ac_cv_env_LIBS_value=
ac_cv_env_build_alias_set=
ac_cv_env_build_alias_value=
ac_cv_env_host_alias_set=
ac_cv_env_host_alias_value=
ac_cv_env_target_alias_set=
ac_cv_env_target_alias_value=
ac_cv_objext=o
ac_cv_path_install='/usr/bin/install -c'
ac_cv_path_mkdir=/bin/mkdir
ac_cv_prog_AWK=gawk
ac_cv_prog_ac_ct_CC=gcc
ac_cv_prog_ac_ct_RANLIB=ranlib
ac_cv_prog_cc_c89=
ac_cv_prog_cc_g=yes
ac_cv_prog_make_make_set=yes
am_cv_CC_dependencies_compiler_type=gcc3

## ----------------- ##
## Output variables. ##
## ----------------- ##

ACLOCAL='${SHELL} /root/tt/missing --run aclocal-1.10'
AMDEPBACKSLASH='\'
AMDEP_FALSE='#'
AMDEP_TRUE=''
AMTAR='${SHELL} /root/tt/missing --run tar'
AUTOCONF='${SHELL} /root/tt/missing --run autoconf'
AUTOHEADER='${SHELL} /root/tt/missing --run autoheader'
AUTOMAKE='${SHELL} /root/tt/missing --run automake-1.10'
AWK='gawk'
CC='gcc'
CCDEPMODE='depmode=gcc3'
CFLAGS='-g -O2'
CPPFLAGS=''
CYGPATH_W='echo'
DEFS='-DPACKAGE_NAME=\"\" -DPACKAGE_TARNAME=\"\" -DPACKAGE_VERSION=\"\" -DPACKAGE_STRING=\"\" -DPACKAGE_BUGREPORT=\"\" -DPACKAGE=\"myproject\" -DVERSION=\"0.0.1\"'
DEPDIR='.deps'
ECHO_C=''
ECHO_N='-n'
ECHO_T=''
EXEEXT=''
INSTALL_DATA='${INSTALL} -m 644'
INSTALL_PROGRAM='${INSTALL}'
INSTALL_SCRIPT='${INSTALL}'
INSTALL_STRIP_PROGRAM='$(install_sh) -c -s'
LDFLAGS=''
LIBOBJS=''
LIBS=''
LTLIBOBJS=''
MAKEINFO='${SHELL} /root/tt/missing --run makeinfo'
OBJEXT='o'
PACKAGE='myproject'
PACKAGE_BUGREPORT=''
PACKAGE_NAME=''
PACKAGE_STRING=''
PACKAGE_TARNAME=''
PACKAGE_VERSION=''
PATH_SEPARATOR=':'
RANLIB='ranlib'
SET_MAKE=''
SHELL='/bin/sh'
STRIP=''
VERSION='0.0.1'
ac_ct_CC='gcc'
am__fastdepCC_FALSE='#'
am__fastdepCC_TRUE=''
am__include='include'
am__isrc=''
am__leading_dot='.'
am__quote=''
am__tar='${AMTAR} chof - "$$tardir"'
am__untar='${AMTAR} xf -'
bindir='${exec_prefix}/bin'
build_alias=''
datadir='${datarootdir}'
datarootdir='${prefix}/share'
docdir='${datarootdir}/doc/${PACKAGE}'
dvidir='${docdir}'
exec_prefix='${prefix}'
host_alias=''
htmldir='${docdir}'
includedir='${prefix}/include'
infodir='${datarootdir}/info'
install_sh='$(SHELL) /root/tt/install-sh'
libdir='${exec_prefix}/lib'
libexecdir='${exec_prefix}/libexec'
localedir='${datarootdir}/locale'
localstatedir='${prefix}/var'
mandir='${datarootdir}/man'
mkdir_p='/bin/mkdir -p'
oldincludedir='/usr/include'
pdfdir='${docdir}'
prefix='/usr/local'
program_transform_name='s,x,x,'
psdir='${docdir}'
sbindir='${exec_prefix}/sbin'
sharedstatedir='${prefix}/com'
sysconfdir='${prefix}/etc'
target_alias=''

## ----------- ##
## confdefs.h. ##
## ----------- ##

#define PACKAGE_NAME ""
#define PACKAGE_TARNAME ""
#define PACKAGE_VERSION ""
#define PACKAGE_STRING ""
#define PACKAGE_BUGREPORT ""
#define PACKAGE "myproject"
#define VERSION "0.0.1"

configure: exit 0

## ---------------------- ##
## Running config.status. ##
## ---------------------- ##

This file was extended by config.status, which was
generated by GNU Autoconf 2.61.  Invocation command line was

  CONFIG_FILES    = 
  CONFIG_HEADERS  = 
  CONFIG_LINKS    = 
  CONFIG_COMMANDS = 
  $ ./config.status 

on lfslivecd

config.status:618: creating Makefile
config.status:618: creating dir1/Makefile
config.status:618: creating dir2/Makefile
config.status:809: executing depfiles commands

## ---------------------- ##
## Running config.status. ##
## ---------------------- ##

This file was extended by config.status, which was
generated by GNU Autoconf 2.61.  Invocation command line was

  CONFIG_FILES    = 
  CONFIG_HEADERS  = 
  CONFIG_LINKS    = 
  CONFIG_COMMANDS = 
  $ ./config.status Makefile

on lfslivecd

config.status:618: creating Makefile

## ---------------------- ##
## Running config.status. ##
## ---------------------- ##

This file was extended by config.status, which was
generated by GNU Autoconf 2.61.  Invocation command line was

  CONFIG_FILES    = 
  CONFIG_HEADERS  = 
  CONFIG_LINKS    = 
  CONFIG_COMMANDS = 
  $ ./config.status dir2/Makefile depfiles

on lfslivecd

config.status:618: creating dir2/Makefile
config.status:809: executing depfiles commands

## ---------------------- ##
## Running config.status. ##
## ---------------------- ##

This file was extended by config.status, which was
generated by GNU Autoconf 2.61.  Invocation command line was

  CONFIG_FILES    = 
  CONFIG_HEADERS  = 
  CONFIG_LINKS    = 
  CONFIG_COMMANDS = 
  $ ./config.status dir1/Makefile depfiles

on lfslivecd

config.status:618: creating dir1/Makefile
config.status:809: executing depfiles commands
